[0.430s] DEBUG:colcon:Command line arguments: ['/usr/bin/colcon', 'list', '-p', '--base-paths', '/home/pr/ros2ws/nxp_gazebo']
[0.430s] DEBUG:colcon:Parsed command line arguments: Namespace(base_paths=['/home/pr/ros2ws/nxp_gazebo'], build_base='build', ignore_user_meta=False, log_base=None, log_level=None, main=<bound method ListVerb.main of <colcon_package_information.verb.list.ListVerb object at 0x7f5bef987be0>>, metas=['./colcon.meta'], names_only=False, packages_above=None, packages_above_and_dependencies=None, packages_above_depth=None, packages_end=None, packages_ignore=None, packages_ignore_regex=None, packages_select=None, packages_select_build_failed=False, packages_select_by_dep=None, packages_select_regex=None, packages_select_test_failures=False, packages_skip=None, packages_skip_build_finished=False, packages_skip_by_dep=None, packages_skip_regex=None, packages_skip_test_passed=False, packages_skip_up_to=None, packages_start=None, packages_up_to=None, packages_up_to_regex=None, paths=None, paths_only=True, topological_graph=False, topological_graph_density=False, topological_graph_dot=False, topological_graph_dot_cluster=False, topological_graph_dot_include_skipped=False, topological_graph_legend=False, topological_order=False, verb_extension=<colcon_package_information.verb.list.ListVerb object at 0x7f5bef987be0>, verb_name='list', verb_parser=<colcon_defaults.argument_parser.defaults.DefaultArgumentsDecorator object at 0x7f5bef928280>)
[0.467s] Level 1:colcon.colcon_core.package_discovery:discover_packages(colcon_meta) check parameters
[0.467s] Level 1:colcon.colcon_core.package_discovery:discover_packages(recursive) check parameters
[0.467s] Level 1:colcon.colcon_core.package_discovery:discover_packages(ignore) check parameters
[0.467s] Level 1:colcon.colcon_core.package_discovery:discover_packages(path) check parameters
[0.467s] Level 1:colcon.colcon_core.package_discovery:discover_packages(recursive) discover
[0.467s] INFO:colcon.colcon_core.package_discovery:Crawling recursively for packages in '/home/pr/ros2ws/nxp_gazebo'
[0.467s] Level 1:colcon.colcon_core.package_identification:_identify(/home/pr/ros2ws/nxp_gazebo) by extensions ['ignore', 'ignore_ament_install']
[0.467s] Level 1:colcon.colcon_core.package_identification:_identify(/home/pr/ros2ws/nxp_gazebo) by extension 'ignore'
[0.468s] Level 1:colcon.colcon_core.package_identification:_identify(/home/pr/ros2ws/nxp_gazebo) by extension 'ignore_ament_install'
[0.468s] Level 1:colcon.colcon_core.package_identification:_identify(/home/pr/ros2ws/nxp_gazebo) by extensions ['colcon_pkg']
[0.468s] Level 1:colcon.colcon_core.package_identification:_identify(/home/pr/ros2ws/nxp_gazebo) by extension 'colcon_pkg'
[0.468s] Level 1:colcon.colcon_core.package_identification:_identify(/home/pr/ros2ws/nxp_gazebo) by extensions ['colcon_meta']
[0.468s] Level 1:colcon.colcon_core.package_identification:_identify(/home/pr/ros2ws/nxp_gazebo) by extension 'colcon_meta'
[0.468s] Level 1:colcon.colcon_core.package_identification:_identify(/home/pr/ros2ws/nxp_gazebo) by extensions ['ros']
[0.468s] Level 1:colcon.colcon_core.package_identification:_identify(/home/pr/ros2ws/nxp_gazebo) by extension 'ros'
[0.481s] Level 1:colcon.colcon_core.package_identification:_identify(/home/pr/ros2ws/nxp_gazebo) by extensions ['cmake', 'python']
[0.481s] Level 1:colcon.colcon_core.package_identification:_identify(/home/pr/ros2ws/nxp_gazebo) by extension 'cmake'
[0.481s] Level 1:colcon.colcon_core.package_identification:_identify(/home/pr/ros2ws/nxp_gazebo) by extension 'python'
[0.481s] Level 1:colcon.colcon_core.package_identification:_identify(/home/pr/ros2ws/nxp_gazebo) by extensions ['python_setup_py']
[0.481s] Level 1:colcon.colcon_core.package_identification:_identify(/home/pr/ros2ws/nxp_gazebo) by extension 'python_setup_py'
[0.481s] Level 1:colcon.colcon_core.package_identification:_identify(/home/pr/ros2ws/nxp_gazebo/log) by extensions ['ignore', 'ignore_ament_install']
[0.481s] Level 1:colcon.colcon_core.package_identification:_identify(/home/pr/ros2ws/nxp_gazebo/log) by extension 'ignore'
[0.481s] Level 1:colcon.colcon_core.package_identification:_identify(/home/pr/ros2ws/nxp_gazebo/log) ignored
[0.482s] Level 1:colcon.colcon_core.package_identification:_identify(/home/pr/ros2ws/nxp_gazebo/models) by extensions ['ignore', 'ignore_ament_install']
[0.482s] Level 1:colcon.colcon_core.package_identification:_identify(/home/pr/ros2ws/nxp_gazebo/models) by extension 'ignore'
[0.482s] Level 1:colcon.colcon_core.package_identification:_identify(/home/pr/ros2ws/nxp_gazebo/models) by extension 'ignore_ament_install'
[0.482s] Level 1:colcon.colcon_core.package_identification:_identify(/home/pr/ros2ws/nxp_gazebo/models) by extensions ['colcon_pkg']
[0.482s] Level 1:colcon.colcon_core.package_identification:_identify(/home/pr/ros2ws/nxp_gazebo/models) by extension 'colcon_pkg'
[0.482s] Level 1:colcon.colcon_core.package_identification:_identify(/home/pr/ros2ws/nxp_gazebo/models) by extensions ['colcon_meta']
[0.482s] Level 1:colcon.colcon_core.package_identification:_identify(/home/pr/ros2ws/nxp_gazebo/models) by extension 'colcon_meta'
[0.482s] Level 1:colcon.colcon_core.package_identification:_identify(/home/pr/ros2ws/nxp_gazebo/models) by extensions ['ros']
[0.482s] Level 1:colcon.colcon_core.package_identification:_identify(/home/pr/ros2ws/nxp_gazebo/models) by extension 'ros'
[0.482s] Level 1:colcon.colcon_core.package_identification:_identify(/home/pr/ros2ws/nxp_gazebo/models) by extensions ['cmake', 'python']
[0.482s] Level 1:colcon.colcon_core.package_identification:_identify(/home/pr/ros2ws/nxp_gazebo/models) by extension 'cmake'
[0.482s] Level 1:colcon.colcon_core.package_identification:_identify(/home/pr/ros2ws/nxp_gazebo/models) by extension 'python'
[0.483s] Level 1:colcon.colcon_core.package_identification:_identify(/home/pr/ros2ws/nxp_gazebo/models) by extensions ['python_setup_py']
[0.483s] Level 1:colcon.colcon_core.package_identification:_identify(/home/pr/ros2ws/nxp_gazebo/models) by extension 'python_setup_py'
[0.483s] Level 1:colcon.colcon_core.package_identification:_identify(/home/pr/ros2ws/nxp_gazebo/models/ground_plane) by extensions ['ignore', 'ignore_ament_install']
[0.483s] Level 1:colcon.colcon_core.package_identification:_identify(/home/pr/ros2ws/nxp_gazebo/models/ground_plane) by extension 'ignore'
[0.483s] Level 1:colcon.colcon_core.package_identification:_identify(/home/pr/ros2ws/nxp_gazebo/models/ground_plane) by extension 'ignore_ament_install'
[0.483s] Level 1:colcon.colcon_core.package_identification:_identify(/home/pr/ros2ws/nxp_gazebo/models/ground_plane) by extensions ['colcon_pkg']
[0.483s] Level 1:colcon.colcon_core.package_identification:_identify(/home/pr/ros2ws/nxp_gazebo/models/ground_plane) by extension 'colcon_pkg'
[0.483s] Level 1:colcon.colcon_core.package_identification:_identify(/home/pr/ros2ws/nxp_gazebo/models/ground_plane) by extensions ['colcon_meta']
[0.483s] Level 1:colcon.colcon_core.package_identification:_identify(/home/pr/ros2ws/nxp_gazebo/models/ground_plane) by extension 'colcon_meta'
[0.483s] Level 1:colcon.colcon_core.package_identification:_identify(/home/pr/ros2ws/nxp_gazebo/models/ground_plane) by extensions ['ros']
[0.483s] Level 1:colcon.colcon_core.package_identification:_identify(/home/pr/ros2ws/nxp_gazebo/models/ground_plane) by extension 'ros'
[0.484s] Level 1:colcon.colcon_core.package_identification:_identify(/home/pr/ros2ws/nxp_gazebo/models/ground_plane) by extensions ['cmake', 'python']
[0.484s] Level 1:colcon.colcon_core.package_identification:_identify(/home/pr/ros2ws/nxp_gazebo/models/ground_plane) by extension 'cmake'
[0.484s] Level 1:colcon.colcon_core.package_identification:_identify(/home/pr/ros2ws/nxp_gazebo/models/ground_plane) by extension 'python'
[0.484s] Level 1:colcon.colcon_core.package_identification:_identify(/home/pr/ros2ws/nxp_gazebo/models/ground_plane) by extensions ['python_setup_py']
[0.484s] Level 1:colcon.colcon_core.package_identification:_identify(/home/pr/ros2ws/nxp_gazebo/models/ground_plane) by extension 'python_setup_py'
[0.484s] Level 1:colcon.colcon_core.package_identification:_identify(/home/pr/ros2ws/nxp_gazebo/models/nxp_cupcar) by extensions ['ignore', 'ignore_ament_install']
[0.484s] Level 1:colcon.colcon_core.package_identification:_identify(/home/pr/ros2ws/nxp_gazebo/models/nxp_cupcar) by extension 'ignore'
[0.484s] Level 1:colcon.colcon_core.package_identification:_identify(/home/pr/ros2ws/nxp_gazebo/models/nxp_cupcar) by extension 'ignore_ament_install'
[0.484s] Level 1:colcon.colcon_core.package_identification:_identify(/home/pr/ros2ws/nxp_gazebo/models/nxp_cupcar) by extensions ['colcon_pkg']
[0.484s] Level 1:colcon.colcon_core.package_identification:_identify(/home/pr/ros2ws/nxp_gazebo/models/nxp_cupcar) by extension 'colcon_pkg'
[0.485s] Level 1:colcon.colcon_core.package_identification:_identify(/home/pr/ros2ws/nxp_gazebo/models/nxp_cupcar) by extensions ['colcon_meta']
[0.485s] Level 1:colcon.colcon_core.package_identification:_identify(/home/pr/ros2ws/nxp_gazebo/models/nxp_cupcar) by extension 'colcon_meta'
[0.485s] Level 1:colcon.colcon_core.package_identification:_identify(/home/pr/ros2ws/nxp_gazebo/models/nxp_cupcar) by extensions ['ros']
[0.485s] Level 1:colcon.colcon_core.package_identification:_identify(/home/pr/ros2ws/nxp_gazebo/models/nxp_cupcar) by extension 'ros'
[0.485s] Level 1:colcon.colcon_core.package_identification:_identify(/home/pr/ros2ws/nxp_gazebo/models/nxp_cupcar) by extensions ['cmake', 'python']
[0.485s] Level 1:colcon.colcon_core.package_identification:_identify(/home/pr/ros2ws/nxp_gazebo/models/nxp_cupcar) by extension 'cmake'
[0.485s] Level 1:colcon.colcon_core.package_identification:_identify(/home/pr/ros2ws/nxp_gazebo/models/nxp_cupcar) by extension 'python'
[0.485s] Level 1:colcon.colcon_core.package_identification:_identify(/home/pr/ros2ws/nxp_gazebo/models/nxp_cupcar) by extensions ['python_setup_py']
[0.485s] Level 1:colcon.colcon_core.package_identification:_identify(/home/pr/ros2ws/nxp_gazebo/models/nxp_cupcar) by extension 'python_setup_py'
[0.485s] Level 1:colcon.colcon_core.package_identification:_identify(/home/pr/ros2ws/nxp_gazebo/models/nxp_cupcar/materials) by extensions ['ignore', 'ignore_ament_install']
[0.485s] Level 1:colcon.colcon_core.package_identification:_identify(/home/pr/ros2ws/nxp_gazebo/models/nxp_cupcar/materials) by extension 'ignore'
[0.485s] Level 1:colcon.colcon_core.package_identification:_identify(/home/pr/ros2ws/nxp_gazebo/models/nxp_cupcar/materials) by extension 'ignore_ament_install'
[0.486s] Level 1:colcon.colcon_core.package_identification:_identify(/home/pr/ros2ws/nxp_gazebo/models/nxp_cupcar/materials) by extensions ['colcon_pkg']
[0.486s] Level 1:colcon.colcon_core.package_identification:_identify(/home/pr/ros2ws/nxp_gazebo/models/nxp_cupcar/materials) by extension 'colcon_pkg'
[0.486s] Level 1:colcon.colcon_core.package_identification:_identify(/home/pr/ros2ws/nxp_gazebo/models/nxp_cupcar/materials) by extensions ['colcon_meta']
[0.486s] Level 1:colcon.colcon_core.package_identification:_identify(/home/pr/ros2ws/nxp_gazebo/models/nxp_cupcar/materials) by extension 'colcon_meta'
[0.486s] Level 1:colcon.colcon_core.package_identification:_identify(/home/pr/ros2ws/nxp_gazebo/models/nxp_cupcar/materials) by extensions ['ros']
[0.486s] Level 1:colcon.colcon_core.package_identification:_identify(/home/pr/ros2ws/nxp_gazebo/models/nxp_cupcar/materials) by extension 'ros'
[0.486s] Level 1:colcon.colcon_core.package_identification:_identify(/home/pr/ros2ws/nxp_gazebo/models/nxp_cupcar/materials) by extensions ['cmake', 'python']
[0.486s] Level 1:colcon.colcon_core.package_identification:_identify(/home/pr/ros2ws/nxp_gazebo/models/nxp_cupcar/materials) by extension 'cmake'
[0.486s] Level 1:colcon.colcon_core.package_identification:_identify(/home/pr/ros2ws/nxp_gazebo/models/nxp_cupcar/materials) by extension 'python'
[0.486s] Level 1:colcon.colcon_core.package_identification:_identify(/home/pr/ros2ws/nxp_gazebo/models/nxp_cupcar/materials) by extensions ['python_setup_py']
[0.486s] Level 1:colcon.colcon_core.package_identification:_identify(/home/pr/ros2ws/nxp_gazebo/models/nxp_cupcar/materials) by extension 'python_setup_py'
[0.486s] Level 1:colcon.colcon_core.package_identification:_identify(/home/pr/ros2ws/nxp_gazebo/models/nxp_cupcar/materials/logo) by extensions ['ignore', 'ignore_ament_install']
[0.486s] Level 1:colcon.colcon_core.package_identification:_identify(/home/pr/ros2ws/nxp_gazebo/models/nxp_cupcar/materials/logo) by extension 'ignore'
[0.486s] Level 1:colcon.colcon_core.package_identification:_identify(/home/pr/ros2ws/nxp_gazebo/models/nxp_cupcar/materials/logo) by extension 'ignore_ament_install'
[0.486s] Level 1:colcon.colcon_core.package_identification:_identify(/home/pr/ros2ws/nxp_gazebo/models/nxp_cupcar/materials/logo) by extensions ['colcon_pkg']
[0.487s] Level 1:colcon.colcon_core.package_identification:_identify(/home/pr/ros2ws/nxp_gazebo/models/nxp_cupcar/materials/logo) by extension 'colcon_pkg'
[0.487s] Level 1:colcon.colcon_core.package_identification:_identify(/home/pr/ros2ws/nxp_gazebo/models/nxp_cupcar/materials/logo) by extensions ['colcon_meta']
[0.487s] Level 1:colcon.colcon_core.package_identification:_identify(/home/pr/ros2ws/nxp_gazebo/models/nxp_cupcar/materials/logo) by extension 'colcon_meta'
[0.487s] Level 1:colcon.colcon_core.package_identification:_identify(/home/pr/ros2ws/nxp_gazebo/models/nxp_cupcar/materials/logo) by extensions ['ros']
[0.487s] Level 1:colcon.colcon_core.package_identification:_identify(/home/pr/ros2ws/nxp_gazebo/models/nxp_cupcar/materials/logo) by extension 'ros'
[0.487s] Level 1:colcon.colcon_core.package_identification:_identify(/home/pr/ros2ws/nxp_gazebo/models/nxp_cupcar/materials/logo) by extensions ['cmake', 'python']
[0.487s] Level 1:colcon.colcon_core.package_identification:_identify(/home/pr/ros2ws/nxp_gazebo/models/nxp_cupcar/materials/logo) by extension 'cmake'
[0.487s] Level 1:colcon.colcon_core.package_identification:_identify(/home/pr/ros2ws/nxp_gazebo/models/nxp_cupcar/materials/logo) by extension 'python'
[0.487s] Level 1:colcon.colcon_core.package_identification:_identify(/home/pr/ros2ws/nxp_gazebo/models/nxp_cupcar/materials/logo) by extensions ['python_setup_py']
[0.487s] Level 1:colcon.colcon_core.package_identification:_identify(/home/pr/ros2ws/nxp_gazebo/models/nxp_cupcar/materials/logo) by extension 'python_setup_py'
[0.487s] Level 1:colcon.colcon_core.package_identification:_identify(/home/pr/ros2ws/nxp_gazebo/models/nxp_cupcar/materials/scripts) by extensions ['ignore', 'ignore_ament_install']
[0.487s] Level 1:colcon.colcon_core.package_identification:_identify(/home/pr/ros2ws/nxp_gazebo/models/nxp_cupcar/materials/scripts) by extension 'ignore'
[0.487s] Level 1:colcon.colcon_core.package_identification:_identify(/home/pr/ros2ws/nxp_gazebo/models/nxp_cupcar/materials/scripts) by extension 'ignore_ament_install'
[0.487s] Level 1:colcon.colcon_core.package_identification:_identify(/home/pr/ros2ws/nxp_gazebo/models/nxp_cupcar/materials/scripts) by extensions ['colcon_pkg']
[0.487s] Level 1:colcon.colcon_core.package_identification:_identify(/home/pr/ros2ws/nxp_gazebo/models/nxp_cupcar/materials/scripts) by extension 'colcon_pkg'
[0.487s] Level 1:colcon.colcon_core.package_identification:_identify(/home/pr/ros2ws/nxp_gazebo/models/nxp_cupcar/materials/scripts) by extensions ['colcon_meta']
[0.487s] Level 1:colcon.colcon_core.package_identification:_identify(/home/pr/ros2ws/nxp_gazebo/models/nxp_cupcar/materials/scripts) by extension 'colcon_meta'
[0.487s] Level 1:colcon.colcon_core.package_identification:_identify(/home/pr/ros2ws/nxp_gazebo/models/nxp_cupcar/materials/scripts) by extensions ['ros']
[0.488s] Level 1:colcon.colcon_core.package_identification:_identify(/home/pr/ros2ws/nxp_gazebo/models/nxp_cupcar/materials/scripts) by extension 'ros'
[0.488s] Level 1:colcon.colcon_core.package_identification:_identify(/home/pr/ros2ws/nxp_gazebo/models/nxp_cupcar/materials/scripts) by extensions ['cmake', 'python']
[0.488s] Level 1:colcon.colcon_core.package_identification:_identify(/home/pr/ros2ws/nxp_gazebo/models/nxp_cupcar/materials/scripts) by extension 'cmake'
[0.488s] Level 1:colcon.colcon_core.package_identification:_identify(/home/pr/ros2ws/nxp_gazebo/models/nxp_cupcar/materials/scripts) by extension 'python'
[0.488s] Level 1:colcon.colcon_core.package_identification:_identify(/home/pr/ros2ws/nxp_gazebo/models/nxp_cupcar/materials/scripts) by extensions ['python_setup_py']
[0.488s] Level 1:colcon.colcon_core.package_identification:_identify(/home/pr/ros2ws/nxp_gazebo/models/nxp_cupcar/materials/scripts) by extension 'python_setup_py'
[0.488s] Level 1:colcon.colcon_core.package_identification:_identify(/home/pr/ros2ws/nxp_gazebo/models/nxp_cupcar/meshes) by extensions ['ignore', 'ignore_ament_install']
[0.488s] Level 1:colcon.colcon_core.package_identification:_identify(/home/pr/ros2ws/nxp_gazebo/models/nxp_cupcar/meshes) by extension 'ignore'
[0.488s] Level 1:colcon.colcon_core.package_identification:_identify(/home/pr/ros2ws/nxp_gazebo/models/nxp_cupcar/meshes) by extension 'ignore_ament_install'
[0.488s] Level 1:colcon.colcon_core.package_identification:_identify(/home/pr/ros2ws/nxp_gazebo/models/nxp_cupcar/meshes) by extensions ['colcon_pkg']
[0.488s] Level 1:colcon.colcon_core.package_identification:_identify(/home/pr/ros2ws/nxp_gazebo/models/nxp_cupcar/meshes) by extension 'colcon_pkg'
[0.488s] Level 1:colcon.colcon_core.package_identification:_identify(/home/pr/ros2ws/nxp_gazebo/models/nxp_cupcar/meshes) by extensions ['colcon_meta']
[0.488s] Level 1:colcon.colcon_core.package_identification:_identify(/home/pr/ros2ws/nxp_gazebo/models/nxp_cupcar/meshes) by extension 'colcon_meta'
[0.488s] Level 1:colcon.colcon_core.package_identification:_identify(/home/pr/ros2ws/nxp_gazebo/models/nxp_cupcar/meshes) by extensions ['ros']
[0.488s] Level 1:colcon.colcon_core.package_identification:_identify(/home/pr/ros2ws/nxp_gazebo/models/nxp_cupcar/meshes) by extension 'ros'
[0.488s] Level 1:colcon.colcon_core.package_identification:_identify(/home/pr/ros2ws/nxp_gazebo/models/nxp_cupcar/meshes) by extensions ['cmake', 'python']
[0.489s] Level 1:colcon.colcon_core.package_identification:_identify(/home/pr/ros2ws/nxp_gazebo/models/nxp_cupcar/meshes) by extension 'cmake'
[0.489s] Level 1:colcon.colcon_core.package_identification:_identify(/home/pr/ros2ws/nxp_gazebo/models/nxp_cupcar/meshes) by extension 'python'
[0.489s] Level 1:colcon.colcon_core.package_identification:_identify(/home/pr/ros2ws/nxp_gazebo/models/nxp_cupcar/meshes) by extensions ['python_setup_py']
[0.489s] Level 1:colcon.colcon_core.package_identification:_identify(/home/pr/ros2ws/nxp_gazebo/models/nxp_cupcar/meshes) by extension 'python_setup_py'
[0.489s] Level 1:colcon.colcon_core.package_identification:_identify(/home/pr/ros2ws/nxp_gazebo/models/nxp_raceway_overpass) by extensions ['ignore', 'ignore_ament_install']
[0.489s] Level 1:colcon.colcon_core.package_identification:_identify(/home/pr/ros2ws/nxp_gazebo/models/nxp_raceway_overpass) by extension 'ignore'
[0.489s] Level 1:colcon.colcon_core.package_identification:_identify(/home/pr/ros2ws/nxp_gazebo/models/nxp_raceway_overpass) by extension 'ignore_ament_install'
[0.489s] Level 1:colcon.colcon_core.package_identification:_identify(/home/pr/ros2ws/nxp_gazebo/models/nxp_raceway_overpass) by extensions ['colcon_pkg']
[0.489s] Level 1:colcon.colcon_core.package_identification:_identify(/home/pr/ros2ws/nxp_gazebo/models/nxp_raceway_overpass) by extension 'colcon_pkg'
[0.489s] Level 1:colcon.colcon_core.package_identification:_identify(/home/pr/ros2ws/nxp_gazebo/models/nxp_raceway_overpass) by extensions ['colcon_meta']
[0.489s] Level 1:colcon.colcon_core.package_identification:_identify(/home/pr/ros2ws/nxp_gazebo/models/nxp_raceway_overpass) by extension 'colcon_meta'
[0.489s] Level 1:colcon.colcon_core.package_identification:_identify(/home/pr/ros2ws/nxp_gazebo/models/nxp_raceway_overpass) by extensions ['ros']
[0.489s] Level 1:colcon.colcon_core.package_identification:_identify(/home/pr/ros2ws/nxp_gazebo/models/nxp_raceway_overpass) by extension 'ros'
[0.489s] Level 1:colcon.colcon_core.package_identification:_identify(/home/pr/ros2ws/nxp_gazebo/models/nxp_raceway_overpass) by extensions ['cmake', 'python']
[0.489s] Level 1:colcon.colcon_core.package_identification:_identify(/home/pr/ros2ws/nxp_gazebo/models/nxp_raceway_overpass) by extension 'cmake'
[0.489s] Level 1:colcon.colcon_core.package_identification:_identify(/home/pr/ros2ws/nxp_gazebo/models/nxp_raceway_overpass) by extension 'python'
[0.489s] Level 1:colcon.colcon_core.package_identification:_identify(/home/pr/ros2ws/nxp_gazebo/models/nxp_raceway_overpass) by extensions ['python_setup_py']
[0.489s] Level 1:colcon.colcon_core.package_identification:_identify(/home/pr/ros2ws/nxp_gazebo/models/nxp_raceway_overpass) by extension 'python_setup_py'
[0.490s] Level 1:colcon.colcon_core.package_identification:_identify(/home/pr/ros2ws/nxp_gazebo/models/nxp_raceway_overpass/meshes) by extensions ['ignore', 'ignore_ament_install']
[0.490s] Level 1:colcon.colcon_core.package_identification:_identify(/home/pr/ros2ws/nxp_gazebo/models/nxp_raceway_overpass/meshes) by extension 'ignore'
[0.490s] Level 1:colcon.colcon_core.package_identification:_identify(/home/pr/ros2ws/nxp_gazebo/models/nxp_raceway_overpass/meshes) by extension 'ignore_ament_install'
[0.490s] Level 1:colcon.colcon_core.package_identification:_identify(/home/pr/ros2ws/nxp_gazebo/models/nxp_raceway_overpass/meshes) by extensions ['colcon_pkg']
[0.490s] Level 1:colcon.colcon_core.package_identification:_identify(/home/pr/ros2ws/nxp_gazebo/models/nxp_raceway_overpass/meshes) by extension 'colcon_pkg'
[0.490s] Level 1:colcon.colcon_core.package_identification:_identify(/home/pr/ros2ws/nxp_gazebo/models/nxp_raceway_overpass/meshes) by extensions ['colcon_meta']
[0.490s] Level 1:colcon.colcon_core.package_identification:_identify(/home/pr/ros2ws/nxp_gazebo/models/nxp_raceway_overpass/meshes) by extension 'colcon_meta'
[0.490s] Level 1:colcon.colcon_core.package_identification:_identify(/home/pr/ros2ws/nxp_gazebo/models/nxp_raceway_overpass/meshes) by extensions ['ros']
[0.490s] Level 1:colcon.colcon_core.package_identification:_identify(/home/pr/ros2ws/nxp_gazebo/models/nxp_raceway_overpass/meshes) by extension 'ros'
[0.490s] Level 1:colcon.colcon_core.package_identification:_identify(/home/pr/ros2ws/nxp_gazebo/models/nxp_raceway_overpass/meshes) by extensions ['cmake', 'python']
[0.490s] Level 1:colcon.colcon_core.package_identification:_identify(/home/pr/ros2ws/nxp_gazebo/models/nxp_raceway_overpass/meshes) by extension 'cmake'
[0.490s] Level 1:colcon.colcon_core.package_identification:_identify(/home/pr/ros2ws/nxp_gazebo/models/nxp_raceway_overpass/meshes) by extension 'python'
[0.490s] Level 1:colcon.colcon_core.package_identification:_identify(/home/pr/ros2ws/nxp_gazebo/models/nxp_raceway_overpass/meshes) by extensions ['python_setup_py']
[0.490s] Level 1:colcon.colcon_core.package_identification:_identify(/home/pr/ros2ws/nxp_gazebo/models/nxp_raceway_overpass/meshes) by extension 'python_setup_py'
[0.490s] Level 1:colcon.colcon_core.package_identification:_identify(/home/pr/ros2ws/nxp_gazebo/models/pixy2_cmucam5) by extensions ['ignore', 'ignore_ament_install']
[0.491s] Level 1:colcon.colcon_core.package_identification:_identify(/home/pr/ros2ws/nxp_gazebo/models/pixy2_cmucam5) by extension 'ignore'
[0.491s] Level 1:colcon.colcon_core.package_identification:_identify(/home/pr/ros2ws/nxp_gazebo/models/pixy2_cmucam5) by extension 'ignore_ament_install'
[0.491s] Level 1:colcon.colcon_core.package_identification:_identify(/home/pr/ros2ws/nxp_gazebo/models/pixy2_cmucam5) by extensions ['colcon_pkg']
[0.491s] Level 1:colcon.colcon_core.package_identification:_identify(/home/pr/ros2ws/nxp_gazebo/models/pixy2_cmucam5) by extension 'colcon_pkg'
[0.491s] Level 1:colcon.colcon_core.package_identification:_identify(/home/pr/ros2ws/nxp_gazebo/models/pixy2_cmucam5) by extensions ['colcon_meta']
[0.491s] Level 1:colcon.colcon_core.package_identification:_identify(/home/pr/ros2ws/nxp_gazebo/models/pixy2_cmucam5) by extension 'colcon_meta'
[0.491s] Level 1:colcon.colcon_core.package_identification:_identify(/home/pr/ros2ws/nxp_gazebo/models/pixy2_cmucam5) by extensions ['ros']
[0.491s] Level 1:colcon.colcon_core.package_identification:_identify(/home/pr/ros2ws/nxp_gazebo/models/pixy2_cmucam5) by extension 'ros'
[0.491s] Level 1:colcon.colcon_core.package_identification:_identify(/home/pr/ros2ws/nxp_gazebo/models/pixy2_cmucam5) by extensions ['cmake', 'python']
[0.491s] Level 1:colcon.colcon_core.package_identification:_identify(/home/pr/ros2ws/nxp_gazebo/models/pixy2_cmucam5) by extension 'cmake'
[0.491s] Level 1:colcon.colcon_core.package_identification:_identify(/home/pr/ros2ws/nxp_gazebo/models/pixy2_cmucam5) by extension 'python'
[0.491s] Level 1:colcon.colcon_core.package_identification:_identify(/home/pr/ros2ws/nxp_gazebo/models/pixy2_cmucam5) by extensions ['python_setup_py']
[0.491s] Level 1:colcon.colcon_core.package_identification:_identify(/home/pr/ros2ws/nxp_gazebo/models/pixy2_cmucam5) by extension 'python_setup_py'
[0.491s] Level 1:colcon.colcon_core.package_identification:_identify(/home/pr/ros2ws/nxp_gazebo/models/pixy2_cmucam5/meshes) by extensions ['ignore', 'ignore_ament_install']
[0.491s] Level 1:colcon.colcon_core.package_identification:_identify(/home/pr/ros2ws/nxp_gazebo/models/pixy2_cmucam5/meshes) by extension 'ignore'
[0.491s] Level 1:colcon.colcon_core.package_identification:_identify(/home/pr/ros2ws/nxp_gazebo/models/pixy2_cmucam5/meshes) by extension 'ignore_ament_install'
[0.491s] Level 1:colcon.colcon_core.package_identification:_identify(/home/pr/ros2ws/nxp_gazebo/models/pixy2_cmucam5/meshes) by extensions ['colcon_pkg']
[0.491s] Level 1:colcon.colcon_core.package_identification:_identify(/home/pr/ros2ws/nxp_gazebo/models/pixy2_cmucam5/meshes) by extension 'colcon_pkg'
[0.492s] Level 1:colcon.colcon_core.package_identification:_identify(/home/pr/ros2ws/nxp_gazebo/models/pixy2_cmucam5/meshes) by extensions ['colcon_meta']
[0.492s] Level 1:colcon.colcon_core.package_identification:_identify(/home/pr/ros2ws/nxp_gazebo/models/pixy2_cmucam5/meshes) by extension 'colcon_meta'
[0.492s] Level 1:colcon.colcon_core.package_identification:_identify(/home/pr/ros2ws/nxp_gazebo/models/pixy2_cmucam5/meshes) by extensions ['ros']
[0.492s] Level 1:colcon.colcon_core.package_identification:_identify(/home/pr/ros2ws/nxp_gazebo/models/pixy2_cmucam5/meshes) by extension 'ros'
[0.492s] Level 1:colcon.colcon_core.package_identification:_identify(/home/pr/ros2ws/nxp_gazebo/models/pixy2_cmucam5/meshes) by extensions ['cmake', 'python']
[0.492s] Level 1:colcon.colcon_core.package_identification:_identify(/home/pr/ros2ws/nxp_gazebo/models/pixy2_cmucam5/meshes) by extension 'cmake'
[0.492s] Level 1:colcon.colcon_core.package_identification:_identify(/home/pr/ros2ws/nxp_gazebo/models/pixy2_cmucam5/meshes) by extension 'python'
[0.492s] Level 1:colcon.colcon_core.package_identification:_identify(/home/pr/ros2ws/nxp_gazebo/models/pixy2_cmucam5/meshes) by extensions ['python_setup_py']
[0.492s] Level 1:colcon.colcon_core.package_identification:_identify(/home/pr/ros2ws/nxp_gazebo/models/pixy2_cmucam5/meshes) by extension 'python_setup_py'
[0.492s] Level 1:colcon.colcon_core.package_identification:_identify(/home/pr/ros2ws/nxp_gazebo/models/start_point) by extensions ['ignore', 'ignore_ament_install']
[0.492s] Level 1:colcon.colcon_core.package_identification:_identify(/home/pr/ros2ws/nxp_gazebo/models/start_point) by extension 'ignore'
[0.492s] Level 1:colcon.colcon_core.package_identification:_identify(/home/pr/ros2ws/nxp_gazebo/models/start_point) by extension 'ignore_ament_install'
[0.492s] Level 1:colcon.colcon_core.package_identification:_identify(/home/pr/ros2ws/nxp_gazebo/models/start_point) by extensions ['colcon_pkg']
[0.492s] Level 1:colcon.colcon_core.package_identification:_identify(/home/pr/ros2ws/nxp_gazebo/models/start_point) by extension 'colcon_pkg'
[0.492s] Level 1:colcon.colcon_core.package_identification:_identify(/home/pr/ros2ws/nxp_gazebo/models/start_point) by extensions ['colcon_meta']
[0.492s] Level 1:colcon.colcon_core.package_identification:_identify(/home/pr/ros2ws/nxp_gazebo/models/start_point) by extension 'colcon_meta'
[0.492s] Level 1:colcon.colcon_core.package_identification:_identify(/home/pr/ros2ws/nxp_gazebo/models/start_point) by extensions ['ros']
[0.492s] Level 1:colcon.colcon_core.package_identification:_identify(/home/pr/ros2ws/nxp_gazebo/models/start_point) by extension 'ros'
[0.493s] Level 1:colcon.colcon_core.package_identification:_identify(/home/pr/ros2ws/nxp_gazebo/models/start_point) by extensions ['cmake', 'python']
[0.493s] Level 1:colcon.colcon_core.package_identification:_identify(/home/pr/ros2ws/nxp_gazebo/models/start_point) by extension 'cmake'
[0.493s] Level 1:colcon.colcon_core.package_identification:_identify(/home/pr/ros2ws/nxp_gazebo/models/start_point) by extension 'python'
[0.493s] Level 1:colcon.colcon_core.package_identification:_identify(/home/pr/ros2ws/nxp_gazebo/models/start_point) by extensions ['python_setup_py']
[0.493s] Level 1:colcon.colcon_core.package_identification:_identify(/home/pr/ros2ws/nxp_gazebo/models/start_point) by extension 'python_setup_py'
[0.493s] Level 1:colcon.colcon_core.package_identification:_identify(/home/pr/ros2ws/nxp_gazebo/models/start_point/materials) by extensions ['ignore', 'ignore_ament_install']
[0.493s] Level 1:colcon.colcon_core.package_identification:_identify(/home/pr/ros2ws/nxp_gazebo/models/start_point/materials) by extension 'ignore'
[0.493s] Level 1:colcon.colcon_core.package_identification:_identify(/home/pr/ros2ws/nxp_gazebo/models/start_point/materials) by extension 'ignore_ament_install'
[0.493s] Level 1:colcon.colcon_core.package_identification:_identify(/home/pr/ros2ws/nxp_gazebo/models/start_point/materials) by extensions ['colcon_pkg']
[0.493s] Level 1:colcon.colcon_core.package_identification:_identify(/home/pr/ros2ws/nxp_gazebo/models/start_point/materials) by extension 'colcon_pkg'
[0.493s] Level 1:colcon.colcon_core.package_identification:_identify(/home/pr/ros2ws/nxp_gazebo/models/start_point/materials) by extensions ['colcon_meta']
[0.493s] Level 1:colcon.colcon_core.package_identification:_identify(/home/pr/ros2ws/nxp_gazebo/models/start_point/materials) by extension 'colcon_meta'
[0.493s] Level 1:colcon.colcon_core.package_identification:_identify(/home/pr/ros2ws/nxp_gazebo/models/start_point/materials) by extensions ['ros']
[0.493s] Level 1:colcon.colcon_core.package_identification:_identify(/home/pr/ros2ws/nxp_gazebo/models/start_point/materials) by extension 'ros'
[0.493s] Level 1:colcon.colcon_core.package_identification:_identify(/home/pr/ros2ws/nxp_gazebo/models/start_point/materials) by extensions ['cmake', 'python']
[0.493s] Level 1:colcon.colcon_core.package_identification:_identify(/home/pr/ros2ws/nxp_gazebo/models/start_point/materials) by extension 'cmake'
[0.493s] Level 1:colcon.colcon_core.package_identification:_identify(/home/pr/ros2ws/nxp_gazebo/models/start_point/materials) by extension 'python'
[0.493s] Level 1:colcon.colcon_core.package_identification:_identify(/home/pr/ros2ws/nxp_gazebo/models/start_point/materials) by extensions ['python_setup_py']
[0.494s] Level 1:colcon.colcon_core.package_identification:_identify(/home/pr/ros2ws/nxp_gazebo/models/start_point/materials) by extension 'python_setup_py'
[0.494s] Level 1:colcon.colcon_core.package_identification:_identify(/home/pr/ros2ws/nxp_gazebo/models/start_point/materials/scripts) by extensions ['ignore', 'ignore_ament_install']
[0.494s] Level 1:colcon.colcon_core.package_identification:_identify(/home/pr/ros2ws/nxp_gazebo/models/start_point/materials/scripts) by extension 'ignore'
[0.494s] Level 1:colcon.colcon_core.package_identification:_identify(/home/pr/ros2ws/nxp_gazebo/models/start_point/materials/scripts) by extension 'ignore_ament_install'
[0.494s] Level 1:colcon.colcon_core.package_identification:_identify(/home/pr/ros2ws/nxp_gazebo/models/start_point/materials/scripts) by extensions ['colcon_pkg']
[0.494s] Level 1:colcon.colcon_core.package_identification:_identify(/home/pr/ros2ws/nxp_gazebo/models/start_point/materials/scripts) by extension 'colcon_pkg'
[0.494s] Level 1:colcon.colcon_core.package_identification:_identify(/home/pr/ros2ws/nxp_gazebo/models/start_point/materials/scripts) by extensions ['colcon_meta']
[0.494s] Level 1:colcon.colcon_core.package_identification:_identify(/home/pr/ros2ws/nxp_gazebo/models/start_point/materials/scripts) by extension 'colcon_meta'
[0.494s] Level 1:colcon.colcon_core.package_identification:_identify(/home/pr/ros2ws/nxp_gazebo/models/start_point/materials/scripts) by extensions ['ros']
[0.494s] Level 1:colcon.colcon_core.package_identification:_identify(/home/pr/ros2ws/nxp_gazebo/models/start_point/materials/scripts) by extension 'ros'
[0.494s] Level 1:colcon.colcon_core.package_identification:_identify(/home/pr/ros2ws/nxp_gazebo/models/start_point/materials/scripts) by extensions ['cmake', 'python']
[0.494s] Level 1:colcon.colcon_core.package_identification:_identify(/home/pr/ros2ws/nxp_gazebo/models/start_point/materials/scripts) by extension 'cmake'
[0.494s] Level 1:colcon.colcon_core.package_identification:_identify(/home/pr/ros2ws/nxp_gazebo/models/start_point/materials/scripts) by extension 'python'
[0.494s] Level 1:colcon.colcon_core.package_identification:_identify(/home/pr/ros2ws/nxp_gazebo/models/start_point/materials/scripts) by extensions ['python_setup_py']
[0.494s] Level 1:colcon.colcon_core.package_identification:_identify(/home/pr/ros2ws/nxp_gazebo/models/start_point/materials/scripts) by extension 'python_setup_py'
[0.494s] Level 1:colcon.colcon_core.package_identification:_identify(/home/pr/ros2ws/nxp_gazebo/models/start_point/materials/textures) by extensions ['ignore', 'ignore_ament_install']
[0.495s] Level 1:colcon.colcon_core.package_identification:_identify(/home/pr/ros2ws/nxp_gazebo/models/start_point/materials/textures) by extension 'ignore'
[0.495s] Level 1:colcon.colcon_core.package_identification:_identify(/home/pr/ros2ws/nxp_gazebo/models/start_point/materials/textures) by extension 'ignore_ament_install'
[0.495s] Level 1:colcon.colcon_core.package_identification:_identify(/home/pr/ros2ws/nxp_gazebo/models/start_point/materials/textures) by extensions ['colcon_pkg']
[0.495s] Level 1:colcon.colcon_core.package_identification:_identify(/home/pr/ros2ws/nxp_gazebo/models/start_point/materials/textures) by extension 'colcon_pkg'
[0.495s] Level 1:colcon.colcon_core.package_identification:_identify(/home/pr/ros2ws/nxp_gazebo/models/start_point/materials/textures) by extensions ['colcon_meta']
[0.495s] Level 1:colcon.colcon_core.package_identification:_identify(/home/pr/ros2ws/nxp_gazebo/models/start_point/materials/textures) by extension 'colcon_meta'
[0.495s] Level 1:colcon.colcon_core.package_identification:_identify(/home/pr/ros2ws/nxp_gazebo/models/start_point/materials/textures) by extensions ['ros']
[0.495s] Level 1:colcon.colcon_core.package_identification:_identify(/home/pr/ros2ws/nxp_gazebo/models/start_point/materials/textures) by extension 'ros'
[0.495s] Level 1:colcon.colcon_core.package_identification:_identify(/home/pr/ros2ws/nxp_gazebo/models/start_point/materials/textures) by extensions ['cmake', 'python']
[0.495s] Level 1:colcon.colcon_core.package_identification:_identify(/home/pr/ros2ws/nxp_gazebo/models/start_point/materials/textures) by extension 'cmake'
[0.495s] Level 1:colcon.colcon_core.package_identification:_identify(/home/pr/ros2ws/nxp_gazebo/models/start_point/materials/textures) by extension 'python'
[0.495s] Level 1:colcon.colcon_core.package_identification:_identify(/home/pr/ros2ws/nxp_gazebo/models/start_point/materials/textures) by extensions ['python_setup_py']
[0.495s] Level 1:colcon.colcon_core.package_identification:_identify(/home/pr/ros2ws/nxp_gazebo/models/start_point/materials/textures) by extension 'python_setup_py'
[0.495s] Level 1:colcon.colcon_core.package_identification:_identify(/home/pr/ros2ws/nxp_gazebo/scripts) by extensions ['ignore', 'ignore_ament_install']
[0.495s] Level 1:colcon.colcon_core.package_identification:_identify(/home/pr/ros2ws/nxp_gazebo/scripts) by extension 'ignore'
[0.495s] Level 1:colcon.colcon_core.package_identification:_identify(/home/pr/ros2ws/nxp_gazebo/scripts) by extension 'ignore_ament_install'
[0.495s] Level 1:colcon.colcon_core.package_identification:_identify(/home/pr/ros2ws/nxp_gazebo/scripts) by extensions ['colcon_pkg']
[0.496s] Level 1:colcon.colcon_core.package_identification:_identify(/home/pr/ros2ws/nxp_gazebo/scripts) by extension 'colcon_pkg'
[0.496s] Level 1:colcon.colcon_core.package_identification:_identify(/home/pr/ros2ws/nxp_gazebo/scripts) by extensions ['colcon_meta']
[0.496s] Level 1:colcon.colcon_core.package_identification:_identify(/home/pr/ros2ws/nxp_gazebo/scripts) by extension 'colcon_meta'
[0.496s] Level 1:colcon.colcon_core.package_identification:_identify(/home/pr/ros2ws/nxp_gazebo/scripts) by extensions ['ros']
[0.496s] Level 1:colcon.colcon_core.package_identification:_identify(/home/pr/ros2ws/nxp_gazebo/scripts) by extension 'ros'
[0.496s] Level 1:colcon.colcon_core.package_identification:_identify(/home/pr/ros2ws/nxp_gazebo/scripts) by extensions ['cmake', 'python']
[0.496s] Level 1:colcon.colcon_core.package_identification:_identify(/home/pr/ros2ws/nxp_gazebo/scripts) by extension 'cmake'
[0.496s] Level 1:colcon.colcon_core.package_identification:_identify(/home/pr/ros2ws/nxp_gazebo/scripts) by extension 'python'
[0.496s] Level 1:colcon.colcon_core.package_identification:_identify(/home/pr/ros2ws/nxp_gazebo/scripts) by extensions ['python_setup_py']
[0.496s] Level 1:colcon.colcon_core.package_identification:_identify(/home/pr/ros2ws/nxp_gazebo/scripts) by extension 'python_setup_py'
[0.496s] Level 1:colcon.colcon_core.package_identification:_identify(/home/pr/ros2ws/nxp_gazebo/worlds) by extensions ['ignore', 'ignore_ament_install']
[0.496s] Level 1:colcon.colcon_core.package_identification:_identify(/home/pr/ros2ws/nxp_gazebo/worlds) by extension 'ignore'
[0.496s] Level 1:colcon.colcon_core.package_identification:_identify(/home/pr/ros2ws/nxp_gazebo/worlds) by extension 'ignore_ament_install'
[0.496s] Level 1:colcon.colcon_core.package_identification:_identify(/home/pr/ros2ws/nxp_gazebo/worlds) by extensions ['colcon_pkg']
[0.496s] Level 1:colcon.colcon_core.package_identification:_identify(/home/pr/ros2ws/nxp_gazebo/worlds) by extension 'colcon_pkg'
[0.496s] Level 1:colcon.colcon_core.package_identification:_identify(/home/pr/ros2ws/nxp_gazebo/worlds) by extensions ['colcon_meta']
[0.496s] Level 1:colcon.colcon_core.package_identification:_identify(/home/pr/ros2ws/nxp_gazebo/worlds) by extension 'colcon_meta'
[0.496s] Level 1:colcon.colcon_core.package_identification:_identify(/home/pr/ros2ws/nxp_gazebo/worlds) by extensions ['ros']
[0.497s] Level 1:colcon.colcon_core.package_identification:_identify(/home/pr/ros2ws/nxp_gazebo/worlds) by extension 'ros'
[0.497s] Level 1:colcon.colcon_core.package_identification:_identify(/home/pr/ros2ws/nxp_gazebo/worlds) by extensions ['cmake', 'python']
[0.497s] Level 1:colcon.colcon_core.package_identification:_identify(/home/pr/ros2ws/nxp_gazebo/worlds) by extension 'cmake'
[0.497s] Level 1:colcon.colcon_core.package_identification:_identify(/home/pr/ros2ws/nxp_gazebo/worlds) by extension 'python'
[0.497s] Level 1:colcon.colcon_core.package_identification:_identify(/home/pr/ros2ws/nxp_gazebo/worlds) by extensions ['python_setup_py']
[0.497s] Level 1:colcon.colcon_core.package_identification:_identify(/home/pr/ros2ws/nxp_gazebo/worlds) by extension 'python_setup_py'
[0.497s] Level 1:colcon.colcon_core.package_discovery:discover_packages(recursive) using defaults
